<?xml version="1.0" encoding="UTF-8"?>
<!-- Generated by org.testng.reporters.JUnitReportReporter -->
<testsuite hostname="LAPTOP-I04G1E0O" failures="0" tests="10" name="com.tmdb.tests.PostRateMovieTests" time="4.688" errors="0" timestamp="2022-11-21T19:01:19 IST" skipped="0">
  <testcase classname="com.tmdb.tests.PostRateMovieTests" name="TC10_verifyErrorResponse_ForValue_DecimalValue_ValidPayload" time="0.276"/>
  <system-out/>
  <testcase classname="com.tmdb.tests.PostRateMovieTests" name="TC01_verifyOKResponse_ForAllFields_ValidPayload" time="1.616"/>
  <system-out/>
  <testcase classname="com.tmdb.tests.PostRateMovieTests" name="TC05_verifyErrorResponse_ForInvalidSessionID_InValidPayload" time="0.287"/>
  <system-out/>
  <testcase classname="com.tmdb.tests.PostRateMovieTests" name="TC09_verifyErrorResponse_ForValue_LessThan0_ValidPayload" time="0.290"/>
  <system-out/>
  <testcase classname="com.tmdb.tests.PostRateMovieTests" name="TC03_verifyErrorResponse_ForWithoutSessionID_InValidPayload" time="0.524"/>
  <system-out/>
  <testcase classname="com.tmdb.tests.PostRateMovieTests" name="TC04_verifyErrorResponse_ForInvalidMovieID_InValidPayload" time="0.319"/>
  <system-out/>
  <testcase classname="com.tmdb.tests.PostRateMovieTests" name="TC08_verifyErrorResponse_ForValue_EqualTo0_ValidPayload" time="0.320"/>
  <system-out/>
  <testcase classname="com.tmdb.tests.PostRateMovieTests" name="TC06_verifyErrorResponse_ForInvalidApiKey_InValidPayload" time="0.266"/>
  <system-out/>
  <testcase classname="com.tmdb.tests.PostRateMovieTests" name="TC07_verifyErrorResponse_ForValue_GreaterThan10_ValidPayload" time="0.268"/>
  <system-out/>
  <testcase classname="com.tmdb.tests.PostRateMovieTests" name="TC02_verifyErrorResponse_ForWithoutAPIKey_InValidPayload" time="0.522"/>
  <system-out/>
</testsuite> <!-- com.tmdb.tests.PostRateMovieTests -->
